[debug] [2019-11-20T06:57:43.698Z] ----------------------------------------------------------------------
[debug] [2019-11-20T06:57:43.700Z] Command:       C:\Program Files\nodejs\node.exe C:\Users\A00592688\AppData\Roaming\npm\node_modules\firebase-tools\lib\bin\firebase.js serve
[debug] [2019-11-20T06:57:43.700Z] CLI Version:   7.8.0
[debug] [2019-11-20T06:57:43.700Z] Platform:      win32
[debug] [2019-11-20T06:57:43.700Z] Node Version:  v10.15.1
[debug] [2019-11-20T06:57:43.701Z] Time:          Tue Nov 19 2019 22:57:43 GMT-0800 (Pacific Standard Time)
[debug] [2019-11-20T06:57:43.701Z] ----------------------------------------------------------------------
[debug] [2019-11-20T06:57:43.701Z] 
[debug] [2019-11-20T06:57:43.711Z] > command requires scopes: ["email","openid","https://www.googleapis.com/auth/cloudplatformprojects.readonly","https://www.googleapis.com/auth/firebase","https://www.googleapis.com/auth/cloud-platform"]
[debug] [2019-11-20T06:57:43.712Z] > authorizing via signed-in user
[debug] [2019-11-20T06:57:43.712Z] [iam] checking project fir-eb9ef for permissions ["firebase.projects.get"]
[debug] [2019-11-20T06:57:43.713Z] >>> HTTP REQUEST POST https://cloudresourcemanager.googleapis.com/v1/projects/fir-eb9ef:testIamPermissions  

[debug] [2019-11-20T06:57:43.914Z] <<< HTTP RESPONSE 200
[debug] [2019-11-20T06:57:43.915Z] >>> HTTP REQUEST GET https://firebase.googleapis.com/v1beta1/projects/fir-eb9ef  
 
[debug] [2019-11-20T06:57:44.132Z] <<< HTTP RESPONSE 200
[info] 
[info] === Serving from 'C:\Users\A00592688\OneDrive\COMP1930 201930\Repos\mycaffeine'...
[info] 
[debug] [2019-11-20T06:57:44.134Z] >>> HTTP REQUEST GET https://firebase.googleapis.com/v1beta1/projects/fir-eb9ef/webApps/-/config  
 
[debug] [2019-11-20T06:57:44.571Z] <<< HTTP RESPONSE 200
[info] +  hosting: Local server: http://localhost:5000
